#-----------------------------------------------------------
# Webtalk v2015.4 (64-bit)
# SW Build 1412921 on Wed Nov 18 09:44:32 MST 2015
# 
# Start of session at: Mon Feb 29 09:45:52 2016
# Process ID: 7763
# Current directory: /home/smagill/fpga/intro/intro.sdk/webtalk
# Command line: wbtcv -mode batch -source sdk_webtalk.tcl
# Log file: /home/smagill/fpga/intro/intro.sdk/webtalk/webtalk.log
# Journal file: /home/smagill/fpga/intro/intro.sdk/webtalk/webtalk.jou
#-----------------------------------------------------------
source sdk_webtalk.tcl
# webtalk_init -webtalk_dir /home/smagill/fpga/intro/intro.sdk/webtalk
# webtalk_register_client -client project
# webtalk_add_data -client project -key date_generated -value "Mon Feb 29 09:45:51 2016" -context "software_version_and_target_device"
# webtalk_add_data -client project -key product_version -value "SDK v2015.4" -context "software_version_and_target_device"
# webtalk_add_data -client project -key build_version -value "2015.4" -context "software_version_and_target_device"
# webtalk_add_data -client project -key os_platform -value "amd64" -context "software_version_and_target_device"
# webtalk_add_data -client project -key registration_id -value "" -context "software_version_and_target_device"
# webtalk_add_data -client project -key tool_flow -value "SDK" -context "software_version_and_target_device"
# webtalk_add_data -client project -key beta -value "false" -context "software_version_and_target_device"
# webtalk_add_data -client project -key route_design -value "NA" -context "software_version_and_target_device"
# webtalk_add_data -client project -key target_family -value "NA" -context "software_version_and_target_device"
# webtalk_add_data -client project -key target_device -value "NA" -context "software_version_and_target_device"
# webtalk_add_data -client project -key target_package -value "NA" -context "software_version_and_target_device"
# webtalk_add_data -client project -key target_speed -value "NA" -context "software_version_and_target_device"
# webtalk_add_data -client project -key random_id -value "mnacca1vjggvlbvbsq0c64gev" -context "software_version_and_target_device"
# webtalk_add_data -client project -key project_id -value "2015.4_1" -context "software_version_and_target_device"
# webtalk_add_data -client project -key project_iteration -value "1" -context "software_version_and_target_device"
# webtalk_add_data -client project -key os_name -value "" -context "user_environment"
# webtalk_add_data -client project -key os_release -value "" -context "user_environment"
# webtalk_add_data -client project -key cpu_name -value "" -context "user_environment"
# webtalk_add_data -client project -key cpu_speed -value "" -context "user_environment"
# webtalk_add_data -client project -key total_processors -value "" -context "user_environment"
# webtalk_add_data -client project -key system_ram -value "" -context "user_environment"
# webtalk_register_client -client sdk
# webtalk_add_data -client sdk -key uid -value "1456709690000" -context "sdk\\\\hardware/1456709690000"
# webtalk_add_data -client sdk -key isZynq -value "true" -context "sdk\\\\hardware/1456709690000"
# webtalk_add_data -client sdk -key Processors -value "2" -context "sdk\\\\hardware/1456709690000"
# webtalk_add_data -client sdk -key VivadoVersion -value "2015.4" -context "sdk\\\\hardware/1456709690000"
# webtalk_add_data -client sdk -key Arch -value "zynq" -context "sdk\\\\hardware/1456709690000"
# webtalk_add_data -client sdk -key Device -value "7z010" -context "sdk\\\\hardware/1456709690000"
# webtalk_add_data -client sdk -key IsHandoff -value "true" -context "sdk\\\\hardware/1456709690000"
# webtalk_add_data -client sdk -key uid -value "1456709746000" -context "sdk\\\\bsp/1456709746000"
# webtalk_add_data -client sdk -key hwid -value "1456709690000" -context "sdk\\\\bsp/1456709746000"
# webtalk_add_data -client sdk -key os -value "standalone" -context "sdk\\\\bsp/1456709746000"
# webtalk_add_data -client sdk -key apptemplate -value "hello_world" -context "sdk\\\\bsp/1456709746000"
# webtalk_add_data -client sdk -key uid -value "1456709747000" -context "sdk\\\\application/1456709747000"
# webtalk_add_data -client sdk -key hwid -value "1456709690000" -context "sdk\\\\application/1456709747000"
# webtalk_add_data -client sdk -key bspid -value "1456709746000" -context "sdk\\\\application/1456709747000"
# webtalk_add_data -client sdk -key newbsp -value "true" -context "sdk\\\\application/1456709747000"
# webtalk_add_data -client sdk -key os -value "standalone" -context "sdk\\\\application/1456709747000"
# webtalk_add_data -client sdk -key apptemplate -value "hello_world" -context "sdk\\\\application/1456709747000"
# webtalk_transmit -clientid 3599524173 -regid "" -xml /home/smagill/fpga/intro/intro.sdk/webtalk/usage_statistics_ext_sdk.xml -html /home/smagill/fpga/intro/intro.sdk/webtalk/usage_statistics_ext_sdk.html -wdm /home/smagill/fpga/intro/intro.sdk/webtalk/sdk_webtalk.wdm -intro "<H3>SDK Usage Report</H3><BR>"

    while executing
"webtalk_transmit -clientid 3599524173 -regid "" -xml /home/smagill/fpga/intro/intro.sdk/webtalk/usage_statistics_ext_sdk.xml -html /home/smagill/fpga/..."
    (file "sdk_webtalk.tcl" line 42)
INFO: [Common 17-206] Exiting Webtalk at Mon Feb 29 09:45:52 2016...
