#-----------------------------------------------------------
# Webtalk v2015.4 (64-bit)
# SW Build 1412921 on Wed Nov 18 09:44:32 MST 2015
# 
# Start of session at: Fri Mar  4 13:32:32 2016
# Process ID: 27195
# Current directory: /home/smagill/host/thematrix/fpga_logic/fpga_logic.sdk/webtalk
# Command line: wbtcv -mode batch -source sdk_webtalk.tcl
# Log file: /home/smagill/host/thematrix/fpga_logic/fpga_logic.sdk/webtalk/webtalk.log
# Journal file: /home/smagill/host/thematrix/fpga_logic/fpga_logic.sdk/webtalk/webtalk.jou
#-----------------------------------------------------------
source sdk_webtalk.tcl
# webtalk_init -webtalk_dir /home/smagill/host/thematrix/fpga_logic/fpga_logic.sdk/webtalk
# webtalk_register_client -client project
# webtalk_add_data -client project -key date_generated -value "Fri Mar 4 13:32:31 2016" -context "software_version_and_target_device"
# webtalk_add_data -client project -key product_version -value "SDK v2015.4" -context "software_version_and_target_device"
# webtalk_add_data -client project -key build_version -value "2015.4" -context "software_version_and_target_device"
# webtalk_add_data -client project -key os_platform -value "amd64" -context "software_version_and_target_device"
# webtalk_add_data -client project -key registration_id -value "" -context "software_version_and_target_device"
# webtalk_add_data -client project -key tool_flow -value "SDK" -context "software_version_and_target_device"
# webtalk_add_data -client project -key beta -value "false" -context "software_version_and_target_device"
# webtalk_add_data -client project -key route_design -value "NA" -context "software_version_and_target_device"
# webtalk_add_data -client project -key target_family -value "NA" -context "software_version_and_target_device"
# webtalk_add_data -client project -key target_device -value "NA" -context "software_version_and_target_device"
# webtalk_add_data -client project -key target_package -value "NA" -context "software_version_and_target_device"
# webtalk_add_data -client project -key target_speed -value "NA" -context "software_version_and_target_device"
# webtalk_add_data -client project -key random_id -value "imdtgpt5da43vgrisue7m6md6v" -context "software_version_and_target_device"
# webtalk_add_data -client project -key project_id -value "2015.4_3" -context "software_version_and_target_device"
# webtalk_add_data -client project -key project_iteration -value "3" -context "software_version_and_target_device"
# webtalk_add_data -client project -key os_name -value "" -context "user_environment"
# webtalk_add_data -client project -key os_release -value "" -context "user_environment"
# webtalk_add_data -client project -key cpu_name -value "" -context "user_environment"
# webtalk_add_data -client project -key cpu_speed -value "" -context "user_environment"
# webtalk_add_data -client project -key total_processors -value "" -context "user_environment"
# webtalk_add_data -client project -key system_ram -value "" -context "user_environment"
# webtalk_register_client -client sdk
# webtalk_add_data -client sdk -key uid -value "1457109097000" -context "sdk\\\\hardware/1457109097000"
# webtalk_add_data -client sdk -key isZynq -value "true" -context "sdk\\\\hardware/1457109097000"
# webtalk_add_data -client sdk -key Processors -value "2" -context "sdk\\\\hardware/1457109097000"
# webtalk_add_data -client sdk -key VivadoVersion -value "2015.4" -context "sdk\\\\hardware/1457109097000"
# webtalk_add_data -client sdk -key Arch -value "zynq" -context "sdk\\\\hardware/1457109097000"
# webtalk_add_data -client sdk -key Device -value "7z010" -context "sdk\\\\hardware/1457109097000"
# webtalk_add_data -client sdk -key IsHandoff -value "true" -context "sdk\\\\hardware/1457109097000"
# webtalk_add_data -client sdk -key uid -value "1457109140000" -context "sdk\\\\bsp/1457109140000"
# webtalk_add_data -client sdk -key hwid -value "1457109097000" -context "sdk\\\\bsp/1457109140000"
# webtalk_add_data -client sdk -key os -value "standalone" -context "sdk\\\\bsp/1457109140000"
# webtalk_add_data -client sdk -key apptemplate -value "hello_world" -context "sdk\\\\bsp/1457109140000"
# webtalk_add_data -client sdk -key uid -value "1457109145000" -context "sdk\\\\application/1457109145000"
# webtalk_add_data -client sdk -key hwid -value "1457109097000" -context "sdk\\\\application/1457109145000"
# webtalk_add_data -client sdk -key bspid -value "1457109140000" -context "sdk\\\\application/1457109145000"
# webtalk_add_data -client sdk -key newbsp -value "true" -context "sdk\\\\application/1457109145000"
# webtalk_add_data -client sdk -key os -value "standalone" -context "sdk\\\\application/1457109145000"
# webtalk_add_data -client sdk -key apptemplate -value "hello_world" -context "sdk\\\\application/1457109145000"
# webtalk_transmit -clientid 1391942377 -regid "" -xml /home/smagill/host/thematrix/fpga_logic/fpga_logic.sdk/webtalk/usage_statistics_ext_sdk.xml -html /home/smagill/host/thematrix/fpga_logic/fpga_logic.sdk/webtalk/usage_statistics_ext_sdk.html -wdm /home/smagill/host/thematrix/fpga_logic/fpga_logic.sdk/webtalk/sdk_webtalk.wdm -intro "<H3>SDK Usage Report</H3><BR>"

    while executing
"webtalk_transmit -clientid 1391942377 -regid "" -xml /home/smagill/host/thematrix/fpga_logic/fpga_logic.sdk/webtalk/usage_statistics_ext_sdk.xml -html..."
    (file "sdk_webtalk.tcl" line 42)
INFO: [Common 17-206] Exiting Webtalk at Fri Mar  4 13:32:33 2016...
